<?xml version="1.0" encoding="UTF-8"?>
<!-- Generated by org.testng.reporters.JUnitReportReporter -->
<testsuite hostname="LAPTOP-P9UGU7PC" failures="0" tests="1" name="JavascriptEx.Demo" time="13.254" errors="0" timestamp="2024-09-24T22:08:36 IST" skipped="0">
  <testcase classname="JavascriptEx.Demo" name="m1" time="13.254"/>
  <system-out/>
</testsuite> <!-- JavascriptEx.Demo -->
